<html>
<head>
<title>TestNG:  HappyPath</title>
<link href="../testng.css" rel="stylesheet" type="text/css" />
<link href="../my-testng.css" rel="stylesheet" type="text/css" />

<style type="text/css">
.log { display: none;} 
.stack-trace { display: none;} 
</style>
<script type="text/javascript">
<!--
function flip(e) {
  current = e.style.display;
  if (current == 'block') {
    e.style.display = 'none';
    return 0;
  }
  else {
    e.style.display = 'block';
    return 1;
  }
}

function toggleBox(szDivId, elem, msg1, msg2)
{
  var res = -1;  if (document.getElementById) {
    res = flip(document.getElementById(szDivId));
  }
  else if (document.all) {
    // this is the way old msie versions work
    res = flip(document.all[szDivId]);
  }
  if(elem) {
    if(res == 0) elem.innerHTML = msg1; else elem.innerHTML = msg2;
  }

}

function toggleAllBoxes() {
  if (document.getElementsByTagName) {
    d = document.getElementsByTagName('div');
    for (i = 0; i < d.length; i++) {
      if (d[i].className == 'log') {
        flip(d[i]);
      }
    }
  }
}

// -->
</script>

</head>
<body>
<h2 align='center'>HappyPath</h2><table border='1' align="center">
<tr>
<td>Tests passed/Failed/Skipped:</td><td>3/3/0</td>
</tr><tr>
<td>Started on:</td><td>Sun Dec 16 00:05:19 IST 2018</td>
</tr>
<tr><td>Total time:</td><td>308 seconds (308559 ms)</td>
</tr><tr>
<td>Included groups:</td><td></td>
</tr><tr>
<td>Excluded groups:</td><td></td>
</tr>
</table><p/>
<small><i>(Hover the method name to see the test class name)</i></small><p/>
<table width='100%' border='1' class='invocation-failed'>
<tr><td colspan='4' align='center'><b>FAILED TESTS</b></td></tr>
<tr><td><b>Test method</b></td>
<td width="30%"><b>Exception</b></td>
<td width="10%"><b>Time (seconds)</b></td>
<td><b>Instance</b></td>
</tr>
<tr>
<td title='com.monsanto.TestScripts.TestScriptFarmRise.searchForKeyword()'><b>searchForKeyword</b><br>Test class: com.monsanto.TestScripts.TestScriptFarmRise<br/>
<a href="#Output-365211514" onClick='toggleBox("Output-365211514", this, "Show output", "Hide output");'>Show output</a>

<a href="#Output-365211514" onClick="toggleAllBoxes();">Show all outputs</a>
<div class='log' id="Output-365211514">
<font color='blue'>Start execution of Test Method 'searchForKeyword'</font><br/>
<font color='green'>Tap on search icon..</font><br/>
<font color='green'>kisan keyword is entered into search text field..</font><br/>
<font color='green'>Tap on enter from keyboard..</font><br/>
<font color='red'>No item is displayed...</font><br/>
</div>
</td>
<td><div><pre>java.lang.AssertionError: expected [false] but found [true]
	at com.monsanto.PageHelper.FarmRisePageHelper.verifyTheResult(FarmRisePageHelper.java:370)
	at com.monsanto.TestScripts.TestScriptFarmRise.searchForKeyword(TestScriptFarmRise.java:70)
	at org.apache.maven.surefire.testng.TestNGExecutor.run(TestNGExecutor.java:178)
	at org.apache.maven.surefire.testng.TestNGXmlTestSuite.execute(TestNGXmlTestSuite.java:92)
	at org.apache.maven.surefire.testng.TestNGProvider.invoke(TestNGProvider.java:96)
	at org.apache.maven.surefire.util.ReflectionUtils.invokeMethodWithArray2(ReflectionUtils.java:208)
	at org.apache.maven.surefire.booter.ProviderFactory$ProviderProxy.invoke(ProviderFactory.java:159)
	at org.apache.maven.surefire.booter.ProviderFactory.invokeProvider(ProviderFactory.java:87)
	at org.apache.maven.surefire.booter.ForkedBooter.runSuitesInProcess(ForkedBooter.java:153)
	at org.apache.maven.surefire.booter.ForkedBooter.main(ForkedBooter.java:95)
... Removed 29 stack frames</pre></div><a href='#' onClick='toggleBox("stack-trace365211514", this, "Click to show all stack frames", "Click to hide stack frames")'>Click to show all stack frames</a>
<div class='stack-trace' id='stack-trace365211514'><pre>java.lang.AssertionError: expected [false] but found [true]
	at org.testng.Assert.fail(Assert.java:94)
	at org.testng.Assert.failNotEquals(Assert.java:494)
	at org.testng.Assert.assertFalse(Assert.java:63)
	at org.testng.Assert.assertFalse(Assert.java:73)
	at com.monsanto.PageHelper.FarmRisePageHelper.verifyTheResult(FarmRisePageHelper.java:370)
	at com.monsanto.TestScripts.TestScriptFarmRise.searchForKeyword(TestScriptFarmRise.java:70)
	at sun.reflect.NativeMethodAccessorImpl.invoke0(Native Method)
	at sun.reflect.NativeMethodAccessorImpl.invoke(NativeMethodAccessorImpl.java:62)
	at sun.reflect.DelegatingMethodAccessorImpl.invoke(DelegatingMethodAccessorImpl.java:43)
	at java.lang.reflect.Method.invoke(Method.java:498)
	at org.testng.internal.MethodInvocationHelper.invokeMethod(MethodInvocationHelper.java:80)
	at org.testng.internal.Invoker.invokeMethod(Invoker.java:714)
	at org.testng.internal.Invoker.invokeTestMethod(Invoker.java:901)
	at org.testng.internal.Invoker.invokeTestMethods(Invoker.java:1231)
	at org.testng.internal.TestMethodWorker.invokeTestMethods(TestMethodWorker.java:127)
	at org.testng.internal.TestMethodWorker.run(TestMethodWorker.java:111)
	at org.testng.TestRunner.privateRun(TestRunner.java:767)
	at org.testng.TestRunner.run(TestRunner.java:617)
	at org.testng.SuiteRunner.runTest(SuiteRunner.java:334)
	at org.testng.SuiteRunner.runSequentially(SuiteRunner.java:329)
	at org.testng.SuiteRunner.privateRun(SuiteRunner.java:291)
	at org.testng.SuiteRunner.run(SuiteRunner.java:240)
	at org.testng.SuiteRunnerWorker.runSuite(SuiteRunnerWorker.java:52)
	at org.testng.SuiteRunnerWorker.run(SuiteRunnerWorker.java:86)
	at org.testng.TestNG.runSuitesSequentially(TestNG.java:1198)
	at org.testng.TestNG.runSuitesLocally(TestNG.java:1123)
	at org.testng.TestNG.run(TestNG.java:1031)
	at org.apache.maven.surefire.testng.TestNGExecutor.run(TestNGExecutor.java:178)
	at org.apache.maven.surefire.testng.TestNGXmlTestSuite.execute(TestNGXmlTestSuite.java:92)
	at org.apache.maven.surefire.testng.TestNGProvider.invoke(TestNGProvider.java:96)
	at sun.reflect.NativeMethodAccessorImpl.invoke0(Native Method)
	at sun.reflect.NativeMethodAccessorImpl.invoke(NativeMethodAccessorImpl.java:62)
	at sun.reflect.DelegatingMethodAccessorImpl.invoke(DelegatingMethodAccessorImpl.java:43)
	at java.lang.reflect.Method.invoke(Method.java:498)
	at org.apache.maven.surefire.util.ReflectionUtils.invokeMethodWithArray2(ReflectionUtils.java:208)
	at org.apache.maven.surefire.booter.ProviderFactory$ProviderProxy.invoke(ProviderFactory.java:159)
	at org.apache.maven.surefire.booter.ProviderFactory.invokeProvider(ProviderFactory.java:87)
	at org.apache.maven.surefire.booter.ForkedBooter.runSuitesInProcess(ForkedBooter.java:153)
	at org.apache.maven.surefire.booter.ForkedBooter.main(ForkedBooter.java:95)
</pre></div></td>
<td>25</td>
<td>com.monsanto.TestScripts.TestScriptFarmRise@c038203</td></tr>
<tr>
<td title='com.monsanto.TestScripts.TestScriptFarmRise.tapOnLoadMoreSchemesButton()'><b>tapOnLoadMoreSchemesButton</b><br>Test class: com.monsanto.TestScripts.TestScriptFarmRise<br/>
<a href="#Output-526981115" onClick='toggleBox("Output-526981115", this, "Show output", "Hide output");'>Show output</a>

<a href="#Output-526981115" onClick="toggleAllBoxes();">Show all outputs</a>
<div class='log' id="Output-526981115">
<font color='blue'>Start execution of Test Method 'tapOnLoadMoreSchemesButton'</font><br/>
<font color='red'>'Load More Schemes' button is not present on page..</font><br/>
</div>
</td>
<td><div><pre>java.lang.AssertionError: expected [false] but found [true]
	at com.monsanto.PageHelper.FarmRisePageHelper.scrollTillVisibleElement(FarmRisePageHelper.java:319)
	at com.monsanto.TestScripts.TestScriptFarmRise.tapOnLoadMoreSchemesButton(TestScriptFarmRise.java:59)
	at org.apache.maven.surefire.testng.TestNGExecutor.run(TestNGExecutor.java:178)
	at org.apache.maven.surefire.testng.TestNGXmlTestSuite.execute(TestNGXmlTestSuite.java:92)
	at org.apache.maven.surefire.testng.TestNGProvider.invoke(TestNGProvider.java:96)
	at org.apache.maven.surefire.util.ReflectionUtils.invokeMethodWithArray2(ReflectionUtils.java:208)
	at org.apache.maven.surefire.booter.ProviderFactory$ProviderProxy.invoke(ProviderFactory.java:159)
	at org.apache.maven.surefire.booter.ProviderFactory.invokeProvider(ProviderFactory.java:87)
	at org.apache.maven.surefire.booter.ForkedBooter.runSuitesInProcess(ForkedBooter.java:153)
	at org.apache.maven.surefire.booter.ForkedBooter.main(ForkedBooter.java:95)
... Removed 29 stack frames</pre></div><a href='#' onClick='toggleBox("stack-trace526981115", this, "Click to show all stack frames", "Click to hide stack frames")'>Click to show all stack frames</a>
<div class='stack-trace' id='stack-trace526981115'><pre>java.lang.AssertionError: expected [false] but found [true]
	at org.testng.Assert.fail(Assert.java:94)
	at org.testng.Assert.failNotEquals(Assert.java:494)
	at org.testng.Assert.assertFalse(Assert.java:63)
	at org.testng.Assert.assertFalse(Assert.java:73)
	at com.monsanto.PageHelper.FarmRisePageHelper.scrollTillVisibleElement(FarmRisePageHelper.java:319)
	at com.monsanto.TestScripts.TestScriptFarmRise.tapOnLoadMoreSchemesButton(TestScriptFarmRise.java:59)
	at sun.reflect.NativeMethodAccessorImpl.invoke0(Native Method)
	at sun.reflect.NativeMethodAccessorImpl.invoke(NativeMethodAccessorImpl.java:62)
	at sun.reflect.DelegatingMethodAccessorImpl.invoke(DelegatingMethodAccessorImpl.java:43)
	at java.lang.reflect.Method.invoke(Method.java:498)
	at org.testng.internal.MethodInvocationHelper.invokeMethod(MethodInvocationHelper.java:80)
	at org.testng.internal.Invoker.invokeMethod(Invoker.java:714)
	at org.testng.internal.Invoker.invokeTestMethod(Invoker.java:901)
	at org.testng.internal.Invoker.invokeTestMethods(Invoker.java:1231)
	at org.testng.internal.TestMethodWorker.invokeTestMethods(TestMethodWorker.java:127)
	at org.testng.internal.TestMethodWorker.run(TestMethodWorker.java:111)
	at org.testng.TestRunner.privateRun(TestRunner.java:767)
	at org.testng.TestRunner.run(TestRunner.java:617)
	at org.testng.SuiteRunner.runTest(SuiteRunner.java:334)
	at org.testng.SuiteRunner.runSequentially(SuiteRunner.java:329)
	at org.testng.SuiteRunner.privateRun(SuiteRunner.java:291)
	at org.testng.SuiteRunner.run(SuiteRunner.java:240)
	at org.testng.SuiteRunnerWorker.runSuite(SuiteRunnerWorker.java:52)
	at org.testng.SuiteRunnerWorker.run(SuiteRunnerWorker.java:86)
	at org.testng.TestNG.runSuitesSequentially(TestNG.java:1198)
	at org.testng.TestNG.runSuitesLocally(TestNG.java:1123)
	at org.testng.TestNG.run(TestNG.java:1031)
	at org.apache.maven.surefire.testng.TestNGExecutor.run(TestNGExecutor.java:178)
	at org.apache.maven.surefire.testng.TestNGXmlTestSuite.execute(TestNGXmlTestSuite.java:92)
	at org.apache.maven.surefire.testng.TestNGProvider.invoke(TestNGProvider.java:96)
	at sun.reflect.NativeMethodAccessorImpl.invoke0(Native Method)
	at sun.reflect.NativeMethodAccessorImpl.invoke(NativeMethodAccessorImpl.java:62)
	at sun.reflect.DelegatingMethodAccessorImpl.invoke(DelegatingMethodAccessorImpl.java:43)
	at java.lang.reflect.Method.invoke(Method.java:498)
	at org.apache.maven.surefire.util.ReflectionUtils.invokeMethodWithArray2(ReflectionUtils.java:208)
	at org.apache.maven.surefire.booter.ProviderFactory$ProviderProxy.invoke(ProviderFactory.java:159)
	at org.apache.maven.surefire.booter.ProviderFactory.invokeProvider(ProviderFactory.java:87)
	at org.apache.maven.surefire.booter.ForkedBooter.runSuitesInProcess(ForkedBooter.java:153)
	at org.apache.maven.surefire.booter.ForkedBooter.main(ForkedBooter.java:95)
</pre></div></td>
<td>83</td>
<td>com.monsanto.TestScripts.TestScriptFarmRise@c038203</td></tr>
<tr>
<td title='com.monsanto.TestScripts.TestScriptFarmRise.verifyAppTimeAgainstSystemTime()'><b>verifyAppTimeAgainstSystemTime</b><br>Test class: com.monsanto.TestScripts.TestScriptFarmRise<br/>
<a href="#Output-2076627578" onClick='toggleBox("Output-2076627578", this, "Show output", "Hide output");'>Show output</a>

<a href="#Output-2076627578" onClick="toggleAllBoxes();">Show all outputs</a>
<div class='log' id="Output-2076627578">
<font color='blue'>Start execution of Test Method 'verifyAppTimeAgainstSystemTime'</font><br/>
<font color='green'>App time: 1 AM</font><br/>
<font color='green'>End time to scroll: 12 AM</font><br/>
<font color='red'>Unable to perform horizontal scroll on temperature carousal due to error: An element could not be located on the page using the given search parameters. (WARNING: The server did not provide any stacktrace information)
Command duration or timeout: 0 milliseconds
For documentation on this error, please visit: http://seleniumhq.org/exceptions/no_such_element.html
Build info: version: '3.12.0', revision: '7c6e0b3', time: '2018-05-08T14:04:26.12Z'
System info: host: 'LAPTOP-CU870VSL', ip: '192.168.31.190', os.name: 'Windows 10', os.arch: 'amd64', os.version: '10.0', java.version: '1.8.0_151'
Driver info: io.appium.java_client.android.AndroidDriver
Capabilities {adbPort: 5038, app: C:\Users\Ahmer\Centralize\A..., appActivity: com.climate.farmrise.Splash..., appPackage: com.climate.farmrise, appWaitActivity: SplashActivity, SplashActiv..., appWaitPackage: com.climate.farmrise, databaseEnabled: false, desired: {adbPort: 5038, app: C:\Users\Ahmer\Centralize\A..., appWaitActivity: SplashActivity, SplashActiv..., deviceName: ONE E1003, noReset: false, platformName: Android, platformVersion: 6.0.1, udid: 55e9b522}, deviceManufacturer: OnePlus, deviceModel: ONE E1003, deviceName: 55e9b522, deviceScreenSize: 1080x1920, deviceUDID: 55e9b522, javascriptEnabled: true, locationContextEnabled: false, networkConnectionEnabled: true, noReset: false, platform: LINUX, platformName: LINUX, platformVersion: 6.0.1, takesScreenshot: true, udid: 55e9b522, warnings: {}, webStorageEnabled: false}
Session ID: 6d28dc6e-8969-495c-9f05-2f1e2144267d
*** Element info: {Using=-android uiautomator, value=new UiScrollable(new UiSelector().resourceId("com.climate.farmrise:id/hourlyWeatherForecastLayout")).setAsHorizontalList().scrollIntoView(new UiSelector().text("12 AM"))}</font><br/>
</div>
</td>
<td><div><pre>java.lang.AssertionError: expected [false] but found [true]
	at com.monsanto.PageHelper.FarmRisePageHelper.scrollHorizontally(FarmRisePageHelper.java:258)
	at com.monsanto.PageHelper.FarmRisePageHelper.verifyHours(FarmRisePageHelper.java:229)
	at com.monsanto.TestScripts.TestScriptFarmRise.verifyAppTimeAgainstSystemTime(TestScriptFarmRise.java:39)
	at org.apache.maven.surefire.testng.TestNGExecutor.run(TestNGExecutor.java:178)
	at org.apache.maven.surefire.testng.TestNGXmlTestSuite.execute(TestNGXmlTestSuite.java:92)
	at org.apache.maven.surefire.testng.TestNGProvider.invoke(TestNGProvider.java:96)
	at org.apache.maven.surefire.util.ReflectionUtils.invokeMethodWithArray2(ReflectionUtils.java:208)
	at org.apache.maven.surefire.booter.ProviderFactory$ProviderProxy.invoke(ProviderFactory.java:159)
	at org.apache.maven.surefire.booter.ProviderFactory.invokeProvider(ProviderFactory.java:87)
	at org.apache.maven.surefire.booter.ForkedBooter.runSuitesInProcess(ForkedBooter.java:153)
	at org.apache.maven.surefire.booter.ForkedBooter.main(ForkedBooter.java:95)
... Removed 29 stack frames</pre></div><a href='#' onClick='toggleBox("stack-trace2076627578", this, "Click to show all stack frames", "Click to hide stack frames")'>Click to show all stack frames</a>
<div class='stack-trace' id='stack-trace2076627578'><pre>java.lang.AssertionError: expected [false] but found [true]
	at org.testng.Assert.fail(Assert.java:94)
	at org.testng.Assert.failNotEquals(Assert.java:494)
	at org.testng.Assert.assertFalse(Assert.java:63)
	at org.testng.Assert.assertFalse(Assert.java:73)
	at com.monsanto.PageHelper.FarmRisePageHelper.scrollHorizontally(FarmRisePageHelper.java:258)
	at com.monsanto.PageHelper.FarmRisePageHelper.verifyHours(FarmRisePageHelper.java:229)
	at com.monsanto.TestScripts.TestScriptFarmRise.verifyAppTimeAgainstSystemTime(TestScriptFarmRise.java:39)
	at sun.reflect.NativeMethodAccessorImpl.invoke0(Native Method)
	at sun.reflect.NativeMethodAccessorImpl.invoke(NativeMethodAccessorImpl.java:62)
	at sun.reflect.DelegatingMethodAccessorImpl.invoke(DelegatingMethodAccessorImpl.java:43)
	at java.lang.reflect.Method.invoke(Method.java:498)
	at org.testng.internal.MethodInvocationHelper.invokeMethod(MethodInvocationHelper.java:80)
	at org.testng.internal.Invoker.invokeMethod(Invoker.java:714)
	at org.testng.internal.Invoker.invokeTestMethod(Invoker.java:901)
	at org.testng.internal.Invoker.invokeTestMethods(Invoker.java:1231)
	at org.testng.internal.TestMethodWorker.invokeTestMethods(TestMethodWorker.java:127)
	at org.testng.internal.TestMethodWorker.run(TestMethodWorker.java:111)
	at org.testng.TestRunner.privateRun(TestRunner.java:767)
	at org.testng.TestRunner.run(TestRunner.java:617)
	at org.testng.SuiteRunner.runTest(SuiteRunner.java:334)
	at org.testng.SuiteRunner.runSequentially(SuiteRunner.java:329)
	at org.testng.SuiteRunner.privateRun(SuiteRunner.java:291)
	at org.testng.SuiteRunner.run(SuiteRunner.java:240)
	at org.testng.SuiteRunnerWorker.runSuite(SuiteRunnerWorker.java:52)
	at org.testng.SuiteRunnerWorker.run(SuiteRunnerWorker.java:86)
	at org.testng.TestNG.runSuitesSequentially(TestNG.java:1198)
	at org.testng.TestNG.runSuitesLocally(TestNG.java:1123)
	at org.testng.TestNG.run(TestNG.java:1031)
	at org.apache.maven.surefire.testng.TestNGExecutor.run(TestNGExecutor.java:178)
	at org.apache.maven.surefire.testng.TestNGXmlTestSuite.execute(TestNGXmlTestSuite.java:92)
	at org.apache.maven.surefire.testng.TestNGProvider.invoke(TestNGProvider.java:96)
	at sun.reflect.NativeMethodAccessorImpl.invoke0(Native Method)
	at sun.reflect.NativeMethodAccessorImpl.invoke(NativeMethodAccessorImpl.java:62)
	at sun.reflect.DelegatingMethodAccessorImpl.invoke(DelegatingMethodAccessorImpl.java:43)
	at java.lang.reflect.Method.invoke(Method.java:498)
	at org.apache.maven.surefire.util.ReflectionUtils.invokeMethodWithArray2(ReflectionUtils.java:208)
	at org.apache.maven.surefire.booter.ProviderFactory$ProviderProxy.invoke(ProviderFactory.java:159)
	at org.apache.maven.surefire.booter.ProviderFactory.invokeProvider(ProviderFactory.java:87)
	at org.apache.maven.surefire.booter.ForkedBooter.runSuitesInProcess(ForkedBooter.java:153)
	at org.apache.maven.surefire.booter.ForkedBooter.main(ForkedBooter.java:95)
</pre></div></td>
<td>97</td>
<td>com.monsanto.TestScripts.TestScriptFarmRise@c038203</td></tr>
</table><p>
<table width='100%' border='1' class='invocation-passed'>
<tr><td colspan='4' align='center'><b>PASSED TESTS</b></td></tr>
<tr><td><b>Test method</b></td>
<td width="30%"><b>Exception</b></td>
<td width="10%"><b>Time (seconds)</b></td>
<td><b>Instance</b></td>
</tr>
<tr>
<td title='com.monsanto.TestScripts.TestScriptFarmRise.navigateToGovernmentSchemesPage()'><b>navigateToGovernmentSchemesPage</b><br>Test class: com.monsanto.TestScripts.TestScriptFarmRise<br/>
<a href="#Output-102709691" onClick='toggleBox("Output-102709691", this, "Show output", "Hide output");'>Show output</a>

<a href="#Output-102709691" onClick="toggleAllBoxes();">Show all outputs</a>
<div class='log' id="Output-102709691">
<font color='blue'>Start execution of Test Method 'navigateToGovernmentSchemesPage'</font><br/>
<font color='green'>Clicked on 'Hamburger' icon.</font><br/>
<font color='green'>'Government Schemes' link is displayed and tap on the same..</font><br/>
<font color='green'>Successfully landed on 'Government Schemes' page..</font><br/>
</div>
</td>
<td></td>
<td>4</td>
<td>com.monsanto.TestScripts.TestScriptFarmRise@c038203</td></tr>
<tr>
<td title='com.monsanto.TestScripts.TestScriptFarmRise.navigateWeatherAccessScreen()'><b>navigateWeatherAccessScreen</b><br>Test class: com.monsanto.TestScripts.TestScriptFarmRise<br/>
<a href="#Output-1161644395" onClick='toggleBox("Output-1161644395", this, "Show output", "Hide output");'>Show output</a>

<a href="#Output-1161644395" onClick="toggleAllBoxes();">Show all outputs</a>
<div class='log' id="Output-1161644395">
<font color='blue'>Start execution of Test Method 'navigateWeatherAccessScreen'</font><br/>
<font color='green'>Tap on Access Weather Details..</font><br/>
<font color='green'>Successfully landed on 'Weather Details' screen..</font><br/>
</div>
</td>
<td></td>
<td>4</td>
<td>com.monsanto.TestScripts.TestScriptFarmRise@c038203</td></tr>
<tr>
<td title='com.monsanto.TestScripts.TestScriptFarmRise.onBoradingAction()'><b>onBoradingAction</b><br>Test class: com.monsanto.TestScripts.TestScriptFarmRise<br/>
<a href="#Output-2084559714" onClick='toggleBox("Output-2084559714", this, "Show output", "Hide output");'>Show output</a>

<a href="#Output-2084559714" onClick="toggleAllBoxes();">Show all outputs</a>
<div class='log' id="Output-2084559714">
<font color='blue'>Start execution of Test Method 'onBoradingAction'</font><br/>
<font color='green'>Tap on 'English' langauge icon.</font><br/>
<font color='green'>Tap on 'Proceed' button.</font><br/>
<font color='green'>Tap on 'Agreement & Conditions' button.</font><br/>
<font color='green'>Home icon is displayed and tap on OK icon.</font><br/>
<font color='green'>Mandi icon is displayed and tap on OK icon.</font><br/>
<font color='green'>Agronomy icon is displayed and tap on OK icon.</font><br/>
<font color='green'>Chat icon is displayed and tap on OK icon.</font><br/>
<font color='green'>Hamburger icon is displayed and tap on OK icon.</font><br/>
<font color='green'>Tap on Home icon..</font><br/>
</div>
</td>
<td></td>
<td>25</td>
<td>com.monsanto.TestScripts.TestScriptFarmRise@c038203</td></tr>
</table><p>
</body>
</html>